<?xml version="1.0" encoding="UTF-8"?>
<!-- Generated by org.testng.reporters.JUnitXMLReporter -->
<testsuite hostname="christiandlo" ignored="0" name="Default test" tests="5" failures="0" timestamp="24 oct 2017 05:48:26 GMT" time="57.112" errors="0">
  <testcase name="getTitleAutentiaTest" time="10.98" classname="SeleniumJenkinsTestNGprueba1.Titulo"/>
  <testcase name="getTitleAutentiaTest" time="11.018" classname="SeleniumJenkinsTestNGprueba1.Prueba_deElementocss"/>
  <testcase name="botonBuscarID" time="11.422" classname="SeleniumJenkinsTestNGprueba1.ElemetoID_buscar"/>
  <testcase name="getTitleAutentiaTest" time="11.159" classname="SeleniumJenkinsTestNGprueba1.Prueba_deElementos"/>
  <testcase name="ingresaUser" time="12.501" classname="SeleniumJenkinsTestNGprueba1.AccesoUser"/>
</testsuite> <!-- Default test -->
