<?xml version="1.0" encoding="UTF-8"?>
<!-- Generated by org.testng.reporters.JUnitXMLReporter -->
<testsuite hostname="christiandlo" ignored="0" name="Default test" tests="4" failures="0" timestamp="16 dic 2017 20:03:26 GMT" time="30.863" errors="0">
  <testcase name="getTitleAutentiaTest" time="7.459" classname="SeleniumJenkinsTestNGprueba1.Titulo"/>
  <testcase name="buttonTes" time="7.702" classname="SeleniumJenkinsTestNGprueba1.Prueba_deElementos"/>
  <testcase name="verificaCss" time="8.036" classname="SeleniumJenkinsTestNGprueba1.Prueba_deElementocss"/>
  <testcase name="verificaBottonBuscarID" time="7.633" classname="SeleniumJenkinsTestNGprueba1.ElemetoID_buscar"/>
</testsuite> <!-- Default test -->
