<?xml version="1.0" encoding="UTF-8"?>
<!-- Generated by org.testng.reporters.JUnitXMLReporter -->
<testsuite hostname="christiandlo" ignored="0" name="Default test" tests="5" failures="0" timestamp="22 oct 2017 02:15:06 GMT" time="60.411" errors="0">
  <testcase name="getTitleAutentiaTest" time="13.067" classname="SeleniumJenkinsTestNGprueba1.Titulo"/>
  <testcase name="getTitleAutentiaTest" time="11.765" classname="SeleniumJenkinsTestNGprueba1.Prueba_deElementocss"/>
  <testcase name="botonBuscarID" time="11.528" classname="SeleniumJenkinsTestNGprueba1.ElemetoID_buscar"/>
  <testcase name="ingresaUser" time="12.492" classname="SeleniumJenkinsTestNGprueba1.AccesoUser"/>
  <testcase name="getTitleAutentiaTest" time="11.509" classname="SeleniumJenkinsTestNGprueba1.Prueba_deElementos"/>
</testsuite> <!-- Default test -->
