<?xml version="1.0" encoding="UTF-8"?>
<!-- Generated by org.testng.reporters.JUnitXMLReporter -->
<testsuite hostname="christiandlo" ignored="0" name="Default test" tests="4" failures="0" timestamp="16 dic 2017 19:48:01 GMT" time="55.899" errors="0">
  <testcase name="getTitleAutentiaTest" time="17.12" classname="SeleniumJenkinsTestNGprueba1.Titulo"/>
  <testcase name="getTitleAutentiaTest" time="13.375" classname="SeleniumJenkinsTestNGprueba1.Prueba_deElementos"/>
  <testcase name="verificaCss" time="12.115" classname="SeleniumJenkinsTestNGprueba1.Prueba_deElementocss"/>
  <testcase name="botonBuscarID" time="13.192" classname="SeleniumJenkinsTestNGprueba1.ElemetoID_buscar"/>
</testsuite> <!-- Default test -->
