<?xml version="1.0" encoding="UTF-8"?>
<!-- Generated by org.testng.reporters.JUnitXMLReporter -->
<testsuite hostname="christiandlo" ignored="0" name="Default test" tests="4" failures="0" timestamp="16 dic 2017 18:50:56 GMT" time="26.923" errors="0">
  <testcase name="getTitleAutentiaTest" time="6.07" classname="SeleniumJenkinsTestNGprueba1.Titulo"/>
  <testcase name="getTitleAutentiaTest" time="6.933" classname="SeleniumJenkinsTestNGprueba1.Prueba_deElementos"/>
  <testcase name="getTitleAutentiaTest" time="7.085" classname="SeleniumJenkinsTestNGprueba1.Prueba_deElementocss"/>
  <testcase name="botonBuscarID" time="6.818" classname="SeleniumJenkinsTestNGprueba1.ElemetoID_buscar"/>
</testsuite> <!-- Default test -->
