<?xml version="1.0" encoding="UTF-8"?>
<!-- Generated by org.testng.reporters.JUnitXMLReporter -->
<testsuite hostname="christiandlo" ignored="0" name="Test" tests="4" failures="0" timestamp="28 ene 2018 01:36:51 GMT" time="50.581" errors="0">
  <testcase name="buttonTes" time="10.923" classname="SeleniumJenkinsTestNGprueba1.Prueba_deElementos"/>
  <testcase name="PruebaFormularioUser" time="16.163" classname="SeleniumJenkinsTestNGprueba1.PruebaFormulario"/>
  <testcase name="verificaBottonBuscarID" time="13.403" classname="SeleniumJenkinsTestNGprueba1.ElemetoID_buscar"/>
  <testcase name="verificaCss" time="10.041" classname="SeleniumJenkinsTestNGprueba1.Prueba_deElementocss"/>
</testsuite> <!-- Test -->
