<?xml version="1.0" encoding="UTF-8"?>
<!-- Generated by org.testng.reporters.JUnitXMLReporter -->
<testsuite hostname="christiandlo" ignored="0" name="Test" tests="3" failures="0" timestamp="17 oct 2017 03:35:42 GMT" time="31.846" errors="0">
  <testcase name="getTitleAutentiaTest" time="9.548" classname="SeleniumJenkinsTestNGprueba1.Titulo"/>
  <testcase name="getTitleAutentiaTest" time="7.844" classname="SeleniumJenkinsTestNGprueba1.Prueba_deElementocss"/>
  <testcase name="ingresaUser" time="14.412" classname="SeleniumJenkinsTestNGprueba1.AccesoUser"/>
</testsuite> <!-- Test -->
