<?xml version="1.0" encoding="UTF-8"?>
<testng-results skipped="0" failed="0" ignored="0" total="4" passed="4">
  <reporter-output>
  </reporter-output>
  <suite name="Default suite" duration-ms="26923" started-at="2017-12-16T18:50:29Z" finished-at="2017-12-16T18:50:56Z">
    <groups>
    </groups>
    <test name="Default test" duration-ms="26923" started-at="2017-12-16T18:50:29Z" finished-at="2017-12-16T18:50:56Z">
      <class name="SeleniumJenkinsTestNGprueba1.ElemetoID_buscar">
        <test-method status="PASS" signature="botonBuscarID()[pri:0, instance:SeleniumJenkinsTestNGprueba1.ElemetoID_buscar@91161c7]" name="botonBuscarID" duration-ms="6818" started-at="2017-12-16T12:50:49Z" finished-at="2017-12-16T12:50:56Z">
          <reporter-output>
          </reporter-output>
        </test-method> <!-- botonBuscarID -->
      </class> <!-- SeleniumJenkinsTestNGprueba1.ElemetoID_buscar -->
      <class name="SeleniumJenkinsTestNGprueba1.Prueba_deElementos">
        <test-method status="PASS" signature="getTitleAutentiaTest()[pri:0, instance:SeleniumJenkinsTestNGprueba1.Prueba_deElementos@5e3a8624]" name="getTitleAutentiaTest" duration-ms="6933" started-at="2017-12-16T12:50:35Z" finished-at="2017-12-16T12:50:42Z">
          <reporter-output>
          </reporter-output>
        </test-method> <!-- getTitleAutentiaTest -->
      </class> <!-- SeleniumJenkinsTestNGprueba1.Prueba_deElementos -->
      <class name="SeleniumJenkinsTestNGprueba1.Prueba_deElementocss">
        <test-method status="PASS" signature="getTitleAutentiaTest()[pri:0, instance:SeleniumJenkinsTestNGprueba1.Prueba_deElementocss@5c3bd550]" name="getTitleAutentiaTest" duration-ms="7085" started-at="2017-12-16T12:50:42Z" finished-at="2017-12-16T12:50:49Z">
          <reporter-output>
          </reporter-output>
        </test-method> <!-- getTitleAutentiaTest -->
      </class> <!-- SeleniumJenkinsTestNGprueba1.Prueba_deElementocss -->
      <class name="SeleniumJenkinsTestNGprueba1.Titulo">
        <test-method status="PASS" signature="getTitleAutentiaTest()[pri:0, instance:SeleniumJenkinsTestNGprueba1.Titulo@42d80b78]" name="getTitleAutentiaTest" duration-ms="6070" started-at="2017-12-16T12:50:29Z" finished-at="2017-12-16T12:50:35Z">
          <reporter-output>
          </reporter-output>
        </test-method> <!-- getTitleAutentiaTest -->
      </class> <!-- SeleniumJenkinsTestNGprueba1.Titulo -->
    </test> <!-- Default test -->
  </suite> <!-- Default suite -->
</testng-results>
