<?xml version="1.0" encoding="UTF-8"?>
<testng-results skipped="0" failed="0" ignored="0" total="1" passed="1">
  <reporter-output>
  </reporter-output>
  <suite name="Default suite" duration-ms="13418" started-at="2017-10-18T23:20:11Z" finished-at="2017-10-18T23:20:25Z">
    <groups>
    </groups>
    <test name="Default test" duration-ms="13418" started-at="2017-10-18T23:20:11Z" finished-at="2017-10-18T23:20:25Z">
      <class name="SeleniumJenkinsTestNGprueba1.AccesoUser">
        <test-method status="PASS" signature="ingresaUser()[pri:0, instance:SeleniumJenkinsTestNGprueba1.AccesoUser@4c70fda8]" name="ingresaUser" duration-ms="13385" started-at="2017-10-18T18:20:11Z" finished-at="2017-10-18T18:20:25Z">
          <reporter-output>
          </reporter-output>
        </test-method> <!-- ingresaUser -->
      </class> <!-- SeleniumJenkinsTestNGprueba1.AccesoUser -->
    </test> <!-- Default test -->
  </suite> <!-- Default suite -->
</testng-results>
